2021-08-06 01:34:10.609  INFO 33787 --- [main] com.epam.esm.RestApiAppApplication       : Starting RestApiAppApplication v1.0-SNAPSHOT using Java 11.0.11 on victor-HP-ProBook-430-G3 with PID 33787 (/home/victor/Tools/apache-tomcat-9.0.46/webapps/RestApiApp/WEB-INF/classes started by victor in /home/victor/Tools/apache-tomcat-9.0.46/bin)
2021-08-06 01:34:10.617  INFO 33787 --- [main] com.epam.esm.RestApiAppApplication       : The following profiles are active: prod
2021-08-06 01:34:11.728  INFO 33787 --- [main] .s.d.r.c.RepositoryConfigurationDelegate : Bootstrapping Spring Data JPA repositories in DEFAULT mode.
2021-08-06 01:34:11.824  INFO 33787 --- [main] .s.d.r.c.RepositoryConfigurationDelegate : Finished Spring Data repository scanning in 84 ms. Found 4 JPA repository interfaces.
2021-08-06 01:34:12.785  INFO 33787 --- [main] trationDelegate$BeanPostProcessorChecker : Bean 'org.springframework.security.access.expression.method.DefaultMethodSecurityExpressionHandler@eae8dd' of type [org.springframework.security.access.expression.method.DefaultMethodSecurityExpressionHandler] is not eligible for getting processed by all BeanPostProcessors (for example: not eligible for auto-proxying)
2021-08-06 01:34:12.792  INFO 33787 --- [main] trationDelegate$BeanPostProcessorChecker : Bean 'methodSecurityMetadataSource' of type [org.springframework.security.access.method.DelegatingMethodSecurityMetadataSource] is not eligible for getting processed by all BeanPostProcessors (for example: not eligible for auto-proxying)
2021-08-06 01:34:12.852  INFO 33787 --- [main] w.s.c.ServletWebServerApplicationContext : Root WebApplicationContext: initialization completed in 2170 ms
2021-08-06 01:34:13.503  WARN 33787 --- [main] JpaBaseConfiguration$JpaWebConfiguration : spring.jpa.open-in-view is enabled by default. Therefore, database queries may be performed during view rendering. Explicitly configure spring.jpa.open-in-view to disable this warning
2021-08-06 01:34:13.708  INFO 33787 --- [main] com.zaxxer.hikari.HikariDataSource       : HikariPool-1 - Starting...
2021-08-06 01:34:14.322  INFO 33787 --- [main] com.zaxxer.hikari.HikariDataSource       : HikariPool-1 - Start completed.
2021-08-06 01:34:14.426  INFO 33787 --- [main] o.hibernate.jpa.internal.util.LogHelper  : HHH000204: Processing PersistenceUnitInfo [name: default]
2021-08-06 01:34:14.541  INFO 33787 --- [main] org.hibernate.Version                    : HHH000412: Hibernate ORM core version 5.4.32.Final
2021-08-06 01:34:14.841  INFO 33787 --- [main] o.hibernate.annotations.common.Version   : HCANN000001: Hibernate Commons Annotations {5.1.2.Final}
2021-08-06 01:34:15.092  INFO 33787 --- [main] org.hibernate.dialect.Dialect            : HHH000400: Using dialect: org.hibernate.dialect.MySQL5InnoDBDialect
2021-08-06 01:34:16.167  INFO 33787 --- [main] o.h.e.t.j.p.i.JtaPlatformInitiator       : HHH000490: Using JtaPlatform implementation: [org.hibernate.engine.transaction.jta.platform.internal.NoJtaPlatform]
2021-08-06 01:34:16.181  INFO 33787 --- [main] j.LocalContainerEntityManagerFactoryBean : Initialized JPA EntityManagerFactory for persistence unit 'default'
2021-08-06 01:34:17.418  INFO 33787 --- [main] f.a.AutowiredAnnotationBeanPostProcessor : Autowired annotation is not supported on static fields: private static org.springframework.context.ApplicationContext com.epam.esm.util.ApplicationContextProvider.context
2021-08-06 01:34:17.628  INFO 33787 --- [main] o.s.s.web.DefaultSecurityFilterChain     : Will secure any request with [org.springframework.security.web.context.request.async.WebAsyncManagerIntegrationFilter@2e220c0c, org.springframework.security.web.context.SecurityContextPersistenceFilter@65162814, org.springframework.security.web.header.HeaderWriterFilter@7a417bb6, com.epam.esm.security.filter.ExceptionResolverFilter@574411f2, org.springframework.security.web.authentication.logout.LogoutFilter@750aab4d, com.epam.esm.security.jwt.JwtTokenFilter@32160935, org.springframework.security.web.savedrequest.RequestCacheAwareFilter@1d24c0f4, org.springframework.security.web.servletapi.SecurityContextHolderAwareRequestFilter@67837104, org.springframework.security.web.authentication.AnonymousAuthenticationFilter@77e1f2a2, org.springframework.security.web.session.SessionManagementFilter@5cf95d65, org.springframework.security.web.access.ExceptionTranslationFilter@e15b615, org.springframework.security.web.access.intercept.FilterSecurityInterceptor@a483b2c]
2021-08-06 01:34:18.174  INFO 33787 --- [main] o.s.b.a.e.web.EndpointLinksResolver      : Exposing 1 endpoint(s) beneath base path '/actuator'
2021-08-06 01:34:18.240  INFO 33787 --- [main] com.epam.esm.RestApiAppApplication       : Started RestApiAppApplication in 8.268 seconds (JVM running for 12.369)
2021-08-06 01:38:21.268  INFO 34385 --- [main] com.epam.esm.RestApiAppApplication       : Starting RestApiAppApplication v1.0-SNAPSHOT using Java 11.0.11 on victor-HP-ProBook-430-G3 with PID 34385 (/home/victor/Tools/apache-tomcat-9.0.46/webapps/RestApiApp/WEB-INF/classes started by victor in /home/victor/Tools/apache-tomcat-9.0.46/bin)
2021-08-06 01:38:21.272  INFO 34385 --- [main] com.epam.esm.RestApiAppApplication       : The following profiles are active: prod
2021-08-06 01:38:22.363  INFO 34385 --- [main] .s.d.r.c.RepositoryConfigurationDelegate : Bootstrapping Spring Data JPA repositories in DEFAULT mode.
2021-08-06 01:38:22.452  INFO 34385 --- [main] .s.d.r.c.RepositoryConfigurationDelegate : Finished Spring Data repository scanning in 79 ms. Found 4 JPA repository interfaces.
2021-08-06 01:38:23.346  INFO 34385 --- [main] trationDelegate$BeanPostProcessorChecker : Bean 'org.springframework.security.access.expression.method.DefaultMethodSecurityExpressionHandler@153bc688' of type [org.springframework.security.access.expression.method.DefaultMethodSecurityExpressionHandler] is not eligible for getting processed by all BeanPostProcessors (for example: not eligible for auto-proxying)
2021-08-06 01:38:23.354  INFO 34385 --- [main] trationDelegate$BeanPostProcessorChecker : Bean 'methodSecurityMetadataSource' of type [org.springframework.security.access.method.DelegatingMethodSecurityMetadataSource] is not eligible for getting processed by all BeanPostProcessors (for example: not eligible for auto-proxying)
2021-08-06 01:38:23.442  INFO 34385 --- [main] w.s.c.ServletWebServerApplicationContext : Root WebApplicationContext: initialization completed in 2126 ms
2021-08-06 01:38:24.106  WARN 34385 --- [main] JpaBaseConfiguration$JpaWebConfiguration : spring.jpa.open-in-view is enabled by default. Therefore, database queries may be performed during view rendering. Explicitly configure spring.jpa.open-in-view to disable this warning
2021-08-06 01:38:24.336  INFO 34385 --- [main] com.zaxxer.hikari.HikariDataSource       : HikariPool-1 - Starting...
2021-08-06 01:38:24.841  INFO 34385 --- [main] com.zaxxer.hikari.HikariDataSource       : HikariPool-1 - Start completed.
2021-08-06 01:38:24.958  INFO 34385 --- [main] o.hibernate.jpa.internal.util.LogHelper  : HHH000204: Processing PersistenceUnitInfo [name: default]
2021-08-06 01:38:25.230  INFO 34385 --- [main] org.hibernate.Version                    : HHH000412: Hibernate ORM core version 5.4.32.Final
2021-08-06 01:38:25.598  INFO 34385 --- [main] o.hibernate.annotations.common.Version   : HCANN000001: Hibernate Commons Annotations {5.1.2.Final}
2021-08-06 01:38:25.820  INFO 34385 --- [main] org.hibernate.dialect.Dialect            : HHH000400: Using dialect: org.hibernate.dialect.MySQL5InnoDBDialect
2021-08-06 01:38:26.905  INFO 34385 --- [main] o.h.e.t.j.p.i.JtaPlatformInitiator       : HHH000490: Using JtaPlatform implementation: [org.hibernate.engine.transaction.jta.platform.internal.NoJtaPlatform]
2021-08-06 01:38:26.923  INFO 34385 --- [main] j.LocalContainerEntityManagerFactoryBean : Initialized JPA EntityManagerFactory for persistence unit 'default'
2021-08-06 01:38:28.403  INFO 34385 --- [main] f.a.AutowiredAnnotationBeanPostProcessor : Autowired annotation is not supported on static fields: private static org.springframework.context.ApplicationContext com.epam.esm.util.ApplicationContextProvider.context
2021-08-06 01:38:28.624  INFO 34385 --- [main] o.s.s.web.DefaultSecurityFilterChain     : Will secure any request with [org.springframework.security.web.context.request.async.WebAsyncManagerIntegrationFilter@467e6dc2, org.springframework.security.web.context.SecurityContextPersistenceFilter@2f5004f, org.springframework.security.web.header.HeaderWriterFilter@3c4a710c, com.epam.esm.security.filter.ExceptionResolverFilter@4d45b947, org.springframework.security.web.authentication.logout.LogoutFilter@3809f4ec, com.epam.esm.security.jwt.JwtTokenFilter@7d7337d0, org.springframework.security.web.savedrequest.RequestCacheAwareFilter@214ce26a, org.springframework.security.web.servletapi.SecurityContextHolderAwareRequestFilter@e15b615, org.springframework.security.web.authentication.AnonymousAuthenticationFilter@3041795b, org.springframework.security.web.session.SessionManagementFilter@76d4d6e3, org.springframework.security.web.access.ExceptionTranslationFilter@304551d8, org.springframework.security.web.access.intercept.FilterSecurityInterceptor@41dcf819]
2021-08-06 01:38:29.187  INFO 34385 --- [main] o.s.b.a.e.web.EndpointLinksResolver      : Exposing 1 endpoint(s) beneath base path '/actuator'
2021-08-06 01:38:29.256  INFO 34385 --- [main] com.epam.esm.RestApiAppApplication       : Started RestApiAppApplication in 8.654 seconds (JVM running for 13.12)
2021-08-06 01:39:59.018  INFO 34385 --- [http-nio-8080-exec-4] o.s.web.servlet.DispatcherServlet        : Initializing Servlet 'dispatcherServlet'
2021-08-06 01:39:59.031  INFO 34385 --- [http-nio-8080-exec-4] o.s.web.servlet.DispatcherServlet        : Completed initialization in 7 ms
2021-08-06 01:39:59.581 DEBUG 34385 --- [http-nio-8080-exec-4] org.hibernate.SQL                        : select count(giftcertif0_.id) as col_0_0_ from gift_certificate giftcertif0_ where 1=1 and 1=1 and giftcertif0_.deleted=? and (giftcertif0_.price between 0.0 and 3.4028235E+38) and (giftcertif0_.create_date between ? and ?)
2021-08-06 01:39:59.778 DEBUG 34385 --- [http-nio-8080-exec-4] org.hibernate.SQL                        : select distinct giftcertif0_.id as id1_0_, giftcertif0_.create_date as create_d2_0_, giftcertif0_.deleted as deleted3_0_, giftcertif0_.description as descript4_0_, giftcertif0_.duration as duration5_0_, giftcertif0_.last_update_date as last_upd6_0_, giftcertif0_.name as name7_0_, giftcertif0_.price as price8_0_ from gift_certificate giftcertif0_ where 1=1 and 1=1 and giftcertif0_.deleted=? and (giftcertif0_.price between 0.0 and 3.4028235E+38) and (giftcertif0_.create_date between ? and ?) order by giftcertif0_.id asc limit ?
2021-08-06 01:39:59.963 DEBUG 34385 --- [http-nio-8080-exec-4] org.hibernate.SQL                        : select tags0_.cert_id as cert_id1_1_0_, tags0_.tag_id as tag_id2_1_0_, tag1_.id as id1_3_1_, tag1_.name as name2_3_1_ from m2m_certificate_tag tags0_ inner join tag tag1_ on tags0_.tag_id=tag1_.id where tags0_.cert_id=?
2021-08-06 01:40:00.166 DEBUG 34385 --- [http-nio-8080-exec-4] org.hibernate.SQL                        : select tags0_.cert_id as cert_id1_1_0_, tags0_.tag_id as tag_id2_1_0_, tag1_.id as id1_3_1_, tag1_.name as name2_3_1_ from m2m_certificate_tag tags0_ inner join tag tag1_ on tags0_.tag_id=tag1_.id where tags0_.cert_id=?
2021-08-06 01:40:00.172 DEBUG 34385 --- [http-nio-8080-exec-4] org.hibernate.SQL                        : select tags0_.cert_id as cert_id1_1_0_, tags0_.tag_id as tag_id2_1_0_, tag1_.id as id1_3_1_, tag1_.name as name2_3_1_ from m2m_certificate_tag tags0_ inner join tag tag1_ on tags0_.tag_id=tag1_.id where tags0_.cert_id=?
2021-08-06 01:40:00.180 DEBUG 34385 --- [http-nio-8080-exec-4] org.hibernate.SQL                        : select tags0_.cert_id as cert_id1_1_0_, tags0_.tag_id as tag_id2_1_0_, tag1_.id as id1_3_1_, tag1_.name as name2_3_1_ from m2m_certificate_tag tags0_ inner join tag tag1_ on tags0_.tag_id=tag1_.id where tags0_.cert_id=?
2021-08-06 01:40:00.187 DEBUG 34385 --- [http-nio-8080-exec-4] org.hibernate.SQL                        : select tags0_.cert_id as cert_id1_1_0_, tags0_.tag_id as tag_id2_1_0_, tag1_.id as id1_3_1_, tag1_.name as name2_3_1_ from m2m_certificate_tag tags0_ inner join tag tag1_ on tags0_.tag_id=tag1_.id where tags0_.cert_id=?
2021-08-06 01:40:00.211 DEBUG 34385 --- [http-nio-8080-exec-4] org.hibernate.SQL                        : select tags0_.cert_id as cert_id1_1_0_, tags0_.tag_id as tag_id2_1_0_, tag1_.id as id1_3_1_, tag1_.name as name2_3_1_ from m2m_certificate_tag tags0_ inner join tag tag1_ on tags0_.tag_id=tag1_.id where tags0_.cert_id=?
2021-08-06 01:40:00.219 DEBUG 34385 --- [http-nio-8080-exec-4] org.hibernate.SQL                        : select tags0_.cert_id as cert_id1_1_0_, tags0_.tag_id as tag_id2_1_0_, tag1_.id as id1_3_1_, tag1_.name as name2_3_1_ from m2m_certificate_tag tags0_ inner join tag tag1_ on tags0_.tag_id=tag1_.id where tags0_.cert_id=?
2021-08-06 01:40:00.223 DEBUG 34385 --- [http-nio-8080-exec-4] org.hibernate.SQL                        : select tags0_.cert_id as cert_id1_1_0_, tags0_.tag_id as tag_id2_1_0_, tag1_.id as id1_3_1_, tag1_.name as name2_3_1_ from m2m_certificate_tag tags0_ inner join tag tag1_ on tags0_.tag_id=tag1_.id where tags0_.cert_id=?
2021-08-06 01:40:00.229 DEBUG 34385 --- [http-nio-8080-exec-4] org.hibernate.SQL                        : select tags0_.cert_id as cert_id1_1_0_, tags0_.tag_id as tag_id2_1_0_, tag1_.id as id1_3_1_, tag1_.name as name2_3_1_ from m2m_certificate_tag tags0_ inner join tag tag1_ on tags0_.tag_id=tag1_.id where tags0_.cert_id=?
2021-08-06 01:40:00.235 DEBUG 34385 --- [http-nio-8080-exec-4] org.hibernate.SQL                        : select tags0_.cert_id as cert_id1_1_0_, tags0_.tag_id as tag_id2_1_0_, tag1_.id as id1_3_1_, tag1_.name as name2_3_1_ from m2m_certificate_tag tags0_ inner join tag tag1_ on tags0_.tag_id=tag1_.id where tags0_.cert_id=?
2021-08-06 01:40:14.071 DEBUG 34385 --- [http-nio-8080-exec-3] org.hibernate.SQL                        : select giftcertif0_.id as id1_0_0_, giftcertif0_.create_date as create_d2_0_0_, giftcertif0_.deleted as deleted3_0_0_, giftcertif0_.description as descript4_0_0_, giftcertif0_.duration as duration5_0_0_, giftcertif0_.last_update_date as last_upd6_0_0_, giftcertif0_.name as name7_0_0_, giftcertif0_.price as price8_0_0_ from gift_certificate giftcertif0_ where giftcertif0_.id=?
2021-08-06 01:40:14.082 DEBUG 34385 --- [http-nio-8080-exec-3] org.hibernate.SQL                        : select tags0_.cert_id as cert_id1_1_0_, tags0_.tag_id as tag_id2_1_0_, tag1_.id as id1_3_1_, tag1_.name as name2_3_1_ from m2m_certificate_tag tags0_ inner join tag tag1_ on tags0_.tag_id=tag1_.id where tags0_.cert_id=?
2021-08-06 01:40:22.448 DEBUG 34385 --- [http-nio-8080-exec-2] org.hibernate.SQL                        : select giftcertif0_.id as id1_0_0_, giftcertif0_.create_date as create_d2_0_0_, giftcertif0_.deleted as deleted3_0_0_, giftcertif0_.description as descript4_0_0_, giftcertif0_.duration as duration5_0_0_, giftcertif0_.last_update_date as last_upd6_0_0_, giftcertif0_.name as name7_0_0_, giftcertif0_.price as price8_0_0_ from gift_certificate giftcertif0_ where giftcertif0_.id=?
2021-08-06 01:40:22.452 DEBUG 34385 --- [http-nio-8080-exec-2] org.hibernate.SQL                        : select tags0_.cert_id as cert_id1_1_0_, tags0_.tag_id as tag_id2_1_0_, tag1_.id as id1_3_1_, tag1_.name as name2_3_1_ from m2m_certificate_tag tags0_ inner join tag tag1_ on tags0_.tag_id=tag1_.id where tags0_.cert_id=?
2021-08-06 01:41:45.047 DEBUG 34385 --- [http-nio-8080-exec-1] org.hibernate.SQL                        : select giftcertif0_.id as id1_0_0_, giftcertif0_.create_date as create_d2_0_0_, giftcertif0_.deleted as deleted3_0_0_, giftcertif0_.description as descript4_0_0_, giftcertif0_.duration as duration5_0_0_, giftcertif0_.last_update_date as last_upd6_0_0_, giftcertif0_.name as name7_0_0_, giftcertif0_.price as price8_0_0_ from gift_certificate giftcertif0_ where giftcertif0_.id=?
2021-08-06 01:41:45.052 DEBUG 34385 --- [http-nio-8080-exec-1] org.hibernate.SQL                        : select tags0_.cert_id as cert_id1_1_0_, tags0_.tag_id as tag_id2_1_0_, tag1_.id as id1_3_1_, tag1_.name as name2_3_1_ from m2m_certificate_tag tags0_ inner join tag tag1_ on tags0_.tag_id=tag1_.id where tags0_.cert_id=?
2021-08-06 01:42:27.884 DEBUG 34385 --- [http-nio-8080-exec-7] org.hibernate.SQL                        : select user0_.id as id1_4_, user0_.active as active2_4_, user0_.email as email3_4_, user0_.first_name as first_na4_4_, user0_.last_name as last_nam5_4_, user0_.password as password6_4_, user0_.role as role7_4_ from users user0_ where user0_.email=?
2021-08-06 01:42:58.833 DEBUG 34385 --- [http-nio-8080-exec-10] org.hibernate.SQL                        : select user0_.id as id1_4_, user0_.active as active2_4_, user0_.email as email3_4_, user0_.first_name as first_na4_4_, user0_.last_name as last_nam5_4_, user0_.password as password6_4_, user0_.role as role7_4_ from users user0_ where user0_.email=?
2021-08-06 01:42:58.872 DEBUG 34385 --- [http-nio-8080-exec-10] org.hibernate.SQL                        : select user0_.id as id1_4_0_, user0_.active as active2_4_0_, user0_.email as email3_4_0_, user0_.first_name as first_na4_4_0_, user0_.last_name as last_nam5_4_0_, user0_.password as password6_4_0_, user0_.role as role7_4_0_ from users user0_ where user0_.id=?
