2021-08-05 16:26:16.761  INFO 52342 --- [main] com.epam.esm.RestApiAppApplication       : Starting RestApiAppApplication using Java 14.0.2 on victor-HP-ProBook-430-G3 with PID 52342 (/home/victor/Documents/EPAM/Lab/TaskRepo/RestApiApp/web/target/classes started by victor in /home/victor/Documents/EPAM/Lab/TaskRepo/RestApiApp)
2021-08-05 16:26:16.787  INFO 52342 --- [main] com.epam.esm.RestApiAppApplication       : The following profiles are active: prod
2021-08-05 16:26:18.037  INFO 52342 --- [main] .s.d.r.c.RepositoryConfigurationDelegate : Bootstrapping Spring Data JPA repositories in DEFAULT mode.
2021-08-05 16:26:18.188  INFO 52342 --- [main] .s.d.r.c.RepositoryConfigurationDelegate : Finished Spring Data repository scanning in 133 ms. Found 4 JPA repository interfaces.
2021-08-05 16:26:18.957  INFO 52342 --- [main] trationDelegate$BeanPostProcessorChecker : Bean 'org.springframework.security.access.expression.method.DefaultMethodSecurityExpressionHandler@5ec5ea63' of type [org.springframework.security.access.expression.method.DefaultMethodSecurityExpressionHandler] is not eligible for getting processed by all BeanPostProcessors (for example: not eligible for auto-proxying)
2021-08-05 16:26:18.964  INFO 52342 --- [main] trationDelegate$BeanPostProcessorChecker : Bean 'methodSecurityMetadataSource' of type [org.springframework.security.access.method.DelegatingMethodSecurityMetadataSource] is not eligible for getting processed by all BeanPostProcessors (for example: not eligible for auto-proxying)
2021-08-05 16:26:19.234  INFO 52342 --- [main] o.s.b.w.embedded.tomcat.TomcatWebServer  : Tomcat initialized with port(s): 8081 (http)
2021-08-05 16:26:19.244  INFO 52342 --- [main] o.apache.catalina.core.StandardService   : Starting service [Tomcat]
2021-08-05 16:26:19.245  INFO 52342 --- [main] org.apache.catalina.core.StandardEngine  : Starting Servlet engine: [Apache Tomcat/9.0.48]
2021-08-05 16:26:19.330  INFO 52342 --- [main] o.a.c.c.C.[Tomcat].[localhost].[/]       : Initializing Spring embedded WebApplicationContext
2021-08-05 16:26:19.330  INFO 52342 --- [main] w.s.c.ServletWebServerApplicationContext : Root WebApplicationContext: initialization completed in 2276 ms
2021-08-05 16:26:19.559  WARN 52342 --- [main] JpaBaseConfiguration$JpaWebConfiguration : spring.jpa.open-in-view is enabled by default. Therefore, database queries may be performed during view rendering. Explicitly configure spring.jpa.open-in-view to disable this warning
2021-08-05 16:26:19.653  INFO 52342 --- [main] com.zaxxer.hikari.HikariDataSource       : HikariPool-1 - Starting...
2021-08-05 16:26:20.174  INFO 52342 --- [main] com.zaxxer.hikari.HikariDataSource       : HikariPool-1 - Start completed.
2021-08-05 16:26:20.218  INFO 52342 --- [main] o.hibernate.jpa.internal.util.LogHelper  : HHH000204: Processing PersistenceUnitInfo [name: default]
2021-08-05 16:26:20.264  INFO 52342 --- [main] org.hibernate.Version                    : HHH000412: Hibernate ORM core version 5.4.32.Final
2021-08-05 16:26:20.474  INFO 52342 --- [main] o.hibernate.annotations.common.Version   : HCANN000001: Hibernate Commons Annotations {5.1.2.Final}
2021-08-05 16:26:20.582  INFO 52342 --- [main] org.hibernate.dialect.Dialect            : HHH000400: Using dialect: org.hibernate.dialect.MySQL5InnoDBDialect
2021-08-05 16:26:21.182  INFO 52342 --- [main] o.h.e.t.j.p.i.JtaPlatformInitiator       : HHH000490: Using JtaPlatform implementation: [org.hibernate.engine.transaction.jta.platform.internal.NoJtaPlatform]
2021-08-05 16:26:21.190  INFO 52342 --- [main] j.LocalContainerEntityManagerFactoryBean : Initialized JPA EntityManagerFactory for persistence unit 'default'
2021-08-05 16:26:21.971  INFO 52342 --- [main] f.a.AutowiredAnnotationBeanPostProcessor : Autowired annotation is not supported on static fields: private static org.springframework.context.ApplicationContext com.epam.esm.util.ApplicationContextProvider.context
2021-08-05 16:26:22.099  INFO 52342 --- [main] o.s.s.web.DefaultSecurityFilterChain     : Will secure any request with [org.springframework.security.web.context.request.async.WebAsyncManagerIntegrationFilter@53a3fc8b, org.springframework.security.web.context.SecurityContextPersistenceFilter@8942ece, org.springframework.security.web.header.HeaderWriterFilter@4be5b9b1, com.epam.esm.security.filter.ExceptionResolverFilter@3966c679, org.springframework.security.web.authentication.logout.LogoutFilter@2178d296, com.epam.esm.security.jwt.JwtTokenFilter@2fe2fcc2, org.springframework.security.web.savedrequest.RequestCacheAwareFilter@15254569, org.springframework.security.web.servletapi.SecurityContextHolderAwareRequestFilter@5d8a1456, org.springframework.security.web.authentication.AnonymousAuthenticationFilter@337e573b, org.springframework.security.web.session.SessionManagementFilter@7dda5b25, org.springframework.security.web.access.ExceptionTranslationFilter@7d432bc0, org.springframework.security.web.access.intercept.FilterSecurityInterceptor@f9ac719]
2021-08-05 16:26:22.651  INFO 52342 --- [main] o.s.b.a.e.web.EndpointLinksResolver      : Exposing 1 endpoint(s) beneath base path '/actuator'
2021-08-05 16:26:22.709  INFO 52342 --- [main] o.s.b.w.embedded.tomcat.TomcatWebServer  : Tomcat started on port(s): 8081 (http) with context path ''
2021-08-05 16:26:22.725  INFO 52342 --- [main] com.epam.esm.RestApiAppApplication       : Started RestApiAppApplication in 7.469 seconds (JVM running for 9.069)
2021-08-05 16:26:23.356  INFO 52342 --- [RMI TCP Connection(3)-127.0.0.1] o.a.c.c.C.[Tomcat].[localhost].[/]       : Initializing Spring DispatcherServlet 'dispatcherServlet'
2021-08-05 16:26:23.357  INFO 52342 --- [RMI TCP Connection(3)-127.0.0.1] o.s.web.servlet.DispatcherServlet        : Initializing Servlet 'dispatcherServlet'
2021-08-05 16:26:23.362  INFO 52342 --- [RMI TCP Connection(3)-127.0.0.1] o.s.web.servlet.DispatcherServlet        : Completed initialization in 5 ms
2021-08-05 16:30:04.521 DEBUG 52342 --- [http-nio-8081-exec-3] org.hibernate.SQL                        : select count(giftcertif0_.id) as col_0_0_ from gift_certificate giftcertif0_ where 1=1 and 1=1 and giftcertif0_.deleted=? and (giftcertif0_.price between 0.0 and 3.4028235E+38) and (giftcertif0_.create_date between ? and ?)
2021-08-05 16:30:04.603 DEBUG 52342 --- [http-nio-8081-exec-3] org.hibernate.SQL                        : select distinct giftcertif0_.id as id1_0_, giftcertif0_.create_date as create_d2_0_, giftcertif0_.deleted as deleted3_0_, giftcertif0_.description as descript4_0_, giftcertif0_.duration as duration5_0_, giftcertif0_.last_update_date as last_upd6_0_, giftcertif0_.name as name7_0_, giftcertif0_.price as price8_0_ from gift_certificate giftcertif0_ where 1=1 and 1=1 and giftcertif0_.deleted=? and (giftcertif0_.price between 0.0 and 3.4028235E+38) and (giftcertif0_.create_date between ? and ?) order by giftcertif0_.id asc limit ?
2021-08-05 16:30:04.689 DEBUG 52342 --- [http-nio-8081-exec-3] org.hibernate.SQL                        : select tags0_.cert_id as cert_id2_1_0_, tags0_.tag_id as tag_id1_1_0_, tag1_.id as id1_3_1_, tag1_.name as name2_3_1_ from m2m_certificate_tag tags0_ inner join tag tag1_ on tags0_.tag_id=tag1_.id where tags0_.cert_id=?
2021-08-05 16:30:04.786 DEBUG 52342 --- [http-nio-8081-exec-3] org.hibernate.SQL                        : select tags0_.cert_id as cert_id2_1_0_, tags0_.tag_id as tag_id1_1_0_, tag1_.id as id1_3_1_, tag1_.name as name2_3_1_ from m2m_certificate_tag tags0_ inner join tag tag1_ on tags0_.tag_id=tag1_.id where tags0_.cert_id=?
2021-08-05 16:30:04.790 DEBUG 52342 --- [http-nio-8081-exec-3] org.hibernate.SQL                        : select tags0_.cert_id as cert_id2_1_0_, tags0_.tag_id as tag_id1_1_0_, tag1_.id as id1_3_1_, tag1_.name as name2_3_1_ from m2m_certificate_tag tags0_ inner join tag tag1_ on tags0_.tag_id=tag1_.id where tags0_.cert_id=?
2021-08-05 16:30:04.794 DEBUG 52342 --- [http-nio-8081-exec-3] org.hibernate.SQL                        : select tags0_.cert_id as cert_id2_1_0_, tags0_.tag_id as tag_id1_1_0_, tag1_.id as id1_3_1_, tag1_.name as name2_3_1_ from m2m_certificate_tag tags0_ inner join tag tag1_ on tags0_.tag_id=tag1_.id where tags0_.cert_id=?
2021-08-05 16:30:04.798 DEBUG 52342 --- [http-nio-8081-exec-3] org.hibernate.SQL                        : select tags0_.cert_id as cert_id2_1_0_, tags0_.tag_id as tag_id1_1_0_, tag1_.id as id1_3_1_, tag1_.name as name2_3_1_ from m2m_certificate_tag tags0_ inner join tag tag1_ on tags0_.tag_id=tag1_.id where tags0_.cert_id=?
2021-08-05 16:30:04.804 DEBUG 52342 --- [http-nio-8081-exec-3] org.hibernate.SQL                        : select tags0_.cert_id as cert_id2_1_0_, tags0_.tag_id as tag_id1_1_0_, tag1_.id as id1_3_1_, tag1_.name as name2_3_1_ from m2m_certificate_tag tags0_ inner join tag tag1_ on tags0_.tag_id=tag1_.id where tags0_.cert_id=?
2021-08-05 16:30:04.807 DEBUG 52342 --- [http-nio-8081-exec-3] org.hibernate.SQL                        : select tags0_.cert_id as cert_id2_1_0_, tags0_.tag_id as tag_id1_1_0_, tag1_.id as id1_3_1_, tag1_.name as name2_3_1_ from m2m_certificate_tag tags0_ inner join tag tag1_ on tags0_.tag_id=tag1_.id where tags0_.cert_id=?
2021-08-05 16:30:04.811 DEBUG 52342 --- [http-nio-8081-exec-3] org.hibernate.SQL                        : select tags0_.cert_id as cert_id2_1_0_, tags0_.tag_id as tag_id1_1_0_, tag1_.id as id1_3_1_, tag1_.name as name2_3_1_ from m2m_certificate_tag tags0_ inner join tag tag1_ on tags0_.tag_id=tag1_.id where tags0_.cert_id=?
2021-08-05 16:30:04.815 DEBUG 52342 --- [http-nio-8081-exec-3] org.hibernate.SQL                        : select tags0_.cert_id as cert_id2_1_0_, tags0_.tag_id as tag_id1_1_0_, tag1_.id as id1_3_1_, tag1_.name as name2_3_1_ from m2m_certificate_tag tags0_ inner join tag tag1_ on tags0_.tag_id=tag1_.id where tags0_.cert_id=?
2021-08-05 16:30:04.819 DEBUG 52342 --- [http-nio-8081-exec-3] org.hibernate.SQL                        : select tags0_.cert_id as cert_id2_1_0_, tags0_.tag_id as tag_id1_1_0_, tag1_.id as id1_3_1_, tag1_.name as name2_3_1_ from m2m_certificate_tag tags0_ inner join tag tag1_ on tags0_.tag_id=tag1_.id where tags0_.cert_id=?
2021-08-05 16:30:11.526  INFO 52342 --- [SpringApplicationShutdownHook] j.LocalContainerEntityManagerFactoryBean : Closing JPA EntityManagerFactory for persistence unit 'default'
2021-08-05 16:30:11.532  INFO 52342 --- [SpringApplicationShutdownHook] com.zaxxer.hikari.HikariDataSource       : HikariPool-1 - Shutdown initiated...
2021-08-05 16:30:11.544  INFO 52342 --- [SpringApplicationShutdownHook] com.zaxxer.hikari.HikariDataSource       : HikariPool-1 - Shutdown completed.
2021-08-05 16:50:37.290  INFO 56329 --- [main] com.epam.esm.RestApiAppApplication       : Starting RestApiAppApplication using Java 14.0.2 on victor-HP-ProBook-430-G3 with PID 56329 (/home/victor/Documents/EPAM/Lab/TaskRepo/RestApiApp/web/target/classes started by victor in /home/victor/Documents/EPAM/Lab/TaskRepo/RestApiApp)
2021-08-05 16:50:37.293  INFO 56329 --- [main] com.epam.esm.RestApiAppApplication       : The following profiles are active: prod
2021-08-05 16:50:38.199  INFO 56329 --- [main] .s.d.r.c.RepositoryConfigurationDelegate : Bootstrapping Spring Data JPA repositories in DEFAULT mode.
2021-08-05 16:50:38.260  INFO 56329 --- [main] .s.d.r.c.RepositoryConfigurationDelegate : Finished Spring Data repository scanning in 53 ms. Found 4 JPA repository interfaces.
2021-08-05 16:50:38.856  INFO 56329 --- [main] trationDelegate$BeanPostProcessorChecker : Bean 'org.springframework.security.access.expression.method.DefaultMethodSecurityExpressionHandler@75120e58' of type [org.springframework.security.access.expression.method.DefaultMethodSecurityExpressionHandler] is not eligible for getting processed by all BeanPostProcessors (for example: not eligible for auto-proxying)
2021-08-05 16:50:38.860  INFO 56329 --- [main] trationDelegate$BeanPostProcessorChecker : Bean 'methodSecurityMetadataSource' of type [org.springframework.security.access.method.DelegatingMethodSecurityMetadataSource] is not eligible for getting processed by all BeanPostProcessors (for example: not eligible for auto-proxying)
2021-08-05 16:50:39.082  INFO 56329 --- [main] o.s.b.w.embedded.tomcat.TomcatWebServer  : Tomcat initialized with port(s): 8081 (http)
2021-08-05 16:50:39.091  INFO 56329 --- [main] o.apache.catalina.core.StandardService   : Starting service [Tomcat]
2021-08-05 16:50:39.091  INFO 56329 --- [main] org.apache.catalina.core.StandardEngine  : Starting Servlet engine: [Apache Tomcat/9.0.48]
2021-08-05 16:50:39.182  INFO 56329 --- [main] o.a.c.c.C.[Tomcat].[localhost].[/]       : Initializing Spring embedded WebApplicationContext
2021-08-05 16:50:39.182  INFO 56329 --- [main] w.s.c.ServletWebServerApplicationContext : Root WebApplicationContext: initialization completed in 1814 ms
2021-08-05 16:50:39.392  WARN 56329 --- [main] JpaBaseConfiguration$JpaWebConfiguration : spring.jpa.open-in-view is enabled by default. Therefore, database queries may be performed during view rendering. Explicitly configure spring.jpa.open-in-view to disable this warning
2021-08-05 16:50:39.491  INFO 56329 --- [main] com.zaxxer.hikari.HikariDataSource       : HikariPool-1 - Starting...
2021-08-05 16:50:39.891  INFO 56329 --- [main] com.zaxxer.hikari.HikariDataSource       : HikariPool-1 - Start completed.
2021-08-05 16:50:39.943  INFO 56329 --- [main] o.hibernate.jpa.internal.util.LogHelper  : HHH000204: Processing PersistenceUnitInfo [name: default]
2021-08-05 16:50:40.001  INFO 56329 --- [main] org.hibernate.Version                    : HHH000412: Hibernate ORM core version 5.4.32.Final
2021-08-05 16:50:40.147  INFO 56329 --- [main] o.hibernate.annotations.common.Version   : HCANN000001: Hibernate Commons Annotations {5.1.2.Final}
2021-08-05 16:50:40.277  INFO 56329 --- [main] org.hibernate.dialect.Dialect            : HHH000400: Using dialect: org.hibernate.dialect.MySQL5InnoDBDialect
2021-08-05 16:50:40.859  INFO 56329 --- [main] o.h.e.t.j.p.i.JtaPlatformInitiator       : HHH000490: Using JtaPlatform implementation: [org.hibernate.engine.transaction.jta.platform.internal.NoJtaPlatform]
2021-08-05 16:50:40.867  INFO 56329 --- [main] j.LocalContainerEntityManagerFactoryBean : Initialized JPA EntityManagerFactory for persistence unit 'default'
2021-08-05 16:50:41.573  INFO 56329 --- [main] f.a.AutowiredAnnotationBeanPostProcessor : Autowired annotation is not supported on static fields: private static org.springframework.context.ApplicationContext com.epam.esm.util.ApplicationContextProvider.context
2021-08-05 16:50:41.696  INFO 56329 --- [main] o.s.s.web.DefaultSecurityFilterChain     : Will secure any request with [org.springframework.security.web.context.request.async.WebAsyncManagerIntegrationFilter@2bfa5678, org.springframework.security.web.context.SecurityContextPersistenceFilter@14d6ede3, org.springframework.security.web.header.HeaderWriterFilter@75882ac2, com.epam.esm.security.filter.ExceptionResolverFilter@3fe5ad73, org.springframework.security.web.authentication.logout.LogoutFilter@4e212f46, com.epam.esm.security.jwt.JwtTokenFilter@6f5288c5, org.springframework.security.web.savedrequest.RequestCacheAwareFilter@147c4523, org.springframework.security.web.servletapi.SecurityContextHolderAwareRequestFilter@32d46229, org.springframework.security.web.authentication.AnonymousAuthenticationFilter@5b8b9b2d, org.springframework.security.web.session.SessionManagementFilter@2210af14, org.springframework.security.web.access.ExceptionTranslationFilter@4e68aede, org.springframework.security.web.access.intercept.FilterSecurityInterceptor@61375dff]
2021-08-05 16:50:42.218  INFO 56329 --- [main] o.s.b.a.e.web.EndpointLinksResolver      : Exposing 1 endpoint(s) beneath base path '/actuator'
2021-08-05 16:50:42.269  INFO 56329 --- [main] o.s.b.w.embedded.tomcat.TomcatWebServer  : Tomcat started on port(s): 8081 (http) with context path ''
2021-08-05 16:50:42.285  INFO 56329 --- [main] com.epam.esm.RestApiAppApplication       : Started RestApiAppApplication in 5.616 seconds (JVM running for 7.313)
2021-08-05 16:50:42.801  INFO 56329 --- [RMI TCP Connection(4)-127.0.0.1] o.a.c.c.C.[Tomcat].[localhost].[/]       : Initializing Spring DispatcherServlet 'dispatcherServlet'
2021-08-05 16:50:42.802  INFO 56329 --- [RMI TCP Connection(4)-127.0.0.1] o.s.web.servlet.DispatcherServlet        : Initializing Servlet 'dispatcherServlet'
2021-08-05 16:50:42.804  INFO 56329 --- [RMI TCP Connection(4)-127.0.0.1] o.s.web.servlet.DispatcherServlet        : Completed initialization in 2 ms
2021-08-05 16:52:05.290 DEBUG 56329 --- [http-nio-8081-exec-1] org.hibernate.SQL                        : select count(giftcertif0_.id) as col_0_0_ from gift_certificate giftcertif0_ where 1=1 and 1=1 and giftcertif0_.deleted=? and (giftcertif0_.price between 0.0 and 3.4028235E+38) and (giftcertif0_.create_date between ? and ?)
2021-08-05 16:52:05.368 DEBUG 56329 --- [http-nio-8081-exec-1] org.hibernate.SQL                        : select distinct giftcertif0_.id as id1_0_, giftcertif0_.create_date as create_d2_0_, giftcertif0_.deleted as deleted3_0_, giftcertif0_.description as descript4_0_, giftcertif0_.duration as duration5_0_, giftcertif0_.last_update_date as last_upd6_0_, giftcertif0_.name as name7_0_, giftcertif0_.price as price8_0_ from gift_certificate giftcertif0_ where 1=1 and 1=1 and giftcertif0_.deleted=? and (giftcertif0_.price between 0.0 and 3.4028235E+38) and (giftcertif0_.create_date between ? and ?) order by giftcertif0_.id asc limit ?
2021-08-05 16:52:05.440 DEBUG 56329 --- [http-nio-8081-exec-1] org.hibernate.SQL                        : select tags0_.cert_id as cert_id2_1_0_, tags0_.tag_id as tag_id1_1_0_, tag1_.id as id1_3_1_, tag1_.name as name2_3_1_ from m2m_certificate_tag tags0_ inner join tag tag1_ on tags0_.tag_id=tag1_.id where tags0_.cert_id=?
2021-08-05 16:52:05.530 DEBUG 56329 --- [http-nio-8081-exec-1] org.hibernate.SQL                        : select tags0_.cert_id as cert_id2_1_0_, tags0_.tag_id as tag_id1_1_0_, tag1_.id as id1_3_1_, tag1_.name as name2_3_1_ from m2m_certificate_tag tags0_ inner join tag tag1_ on tags0_.tag_id=tag1_.id where tags0_.cert_id=?
2021-08-05 16:52:05.533 DEBUG 56329 --- [http-nio-8081-exec-1] org.hibernate.SQL                        : select tags0_.cert_id as cert_id2_1_0_, tags0_.tag_id as tag_id1_1_0_, tag1_.id as id1_3_1_, tag1_.name as name2_3_1_ from m2m_certificate_tag tags0_ inner join tag tag1_ on tags0_.tag_id=tag1_.id where tags0_.cert_id=?
2021-08-05 16:52:05.537 DEBUG 56329 --- [http-nio-8081-exec-1] org.hibernate.SQL                        : select tags0_.cert_id as cert_id2_1_0_, tags0_.tag_id as tag_id1_1_0_, tag1_.id as id1_3_1_, tag1_.name as name2_3_1_ from m2m_certificate_tag tags0_ inner join tag tag1_ on tags0_.tag_id=tag1_.id where tags0_.cert_id=?
2021-08-05 16:52:05.541 DEBUG 56329 --- [http-nio-8081-exec-1] org.hibernate.SQL                        : select tags0_.cert_id as cert_id2_1_0_, tags0_.tag_id as tag_id1_1_0_, tag1_.id as id1_3_1_, tag1_.name as name2_3_1_ from m2m_certificate_tag tags0_ inner join tag tag1_ on tags0_.tag_id=tag1_.id where tags0_.cert_id=?
2021-08-05 16:52:05.547 DEBUG 56329 --- [http-nio-8081-exec-1] org.hibernate.SQL                        : select tags0_.cert_id as cert_id2_1_0_, tags0_.tag_id as tag_id1_1_0_, tag1_.id as id1_3_1_, tag1_.name as name2_3_1_ from m2m_certificate_tag tags0_ inner join tag tag1_ on tags0_.tag_id=tag1_.id where tags0_.cert_id=?
2021-08-05 16:52:05.550 DEBUG 56329 --- [http-nio-8081-exec-1] org.hibernate.SQL                        : select tags0_.cert_id as cert_id2_1_0_, tags0_.tag_id as tag_id1_1_0_, tag1_.id as id1_3_1_, tag1_.name as name2_3_1_ from m2m_certificate_tag tags0_ inner join tag tag1_ on tags0_.tag_id=tag1_.id where tags0_.cert_id=?
2021-08-05 16:52:05.553 DEBUG 56329 --- [http-nio-8081-exec-1] org.hibernate.SQL                        : select tags0_.cert_id as cert_id2_1_0_, tags0_.tag_id as tag_id1_1_0_, tag1_.id as id1_3_1_, tag1_.name as name2_3_1_ from m2m_certificate_tag tags0_ inner join tag tag1_ on tags0_.tag_id=tag1_.id where tags0_.cert_id=?
2021-08-05 16:52:05.556 DEBUG 56329 --- [http-nio-8081-exec-1] org.hibernate.SQL                        : select tags0_.cert_id as cert_id2_1_0_, tags0_.tag_id as tag_id1_1_0_, tag1_.id as id1_3_1_, tag1_.name as name2_3_1_ from m2m_certificate_tag tags0_ inner join tag tag1_ on tags0_.tag_id=tag1_.id where tags0_.cert_id=?
2021-08-05 16:52:05.560 DEBUG 56329 --- [http-nio-8081-exec-1] org.hibernate.SQL                        : select tags0_.cert_id as cert_id2_1_0_, tags0_.tag_id as tag_id1_1_0_, tag1_.id as id1_3_1_, tag1_.name as name2_3_1_ from m2m_certificate_tag tags0_ inner join tag tag1_ on tags0_.tag_id=tag1_.id where tags0_.cert_id=?
2021-08-05 16:53:21.565  INFO 57426 --- [main] com.epam.esm.RestApiAppApplication       : Starting RestApiAppApplication using Java 14.0.2 on victor-HP-ProBook-430-G3 with PID 57426 (/home/victor/Documents/EPAM/Lab/TaskRepo/RestApiApp/web/target/classes started by victor in /home/victor/Documents/EPAM/Lab/TaskRepo/RestApiApp)
2021-08-05 16:53:21.569  INFO 57426 --- [main] com.epam.esm.RestApiAppApplication       : The following profiles are active: prod
2021-08-05 16:53:22.437  INFO 57426 --- [main] .s.d.r.c.RepositoryConfigurationDelegate : Bootstrapping Spring Data JPA repositories in DEFAULT mode.
2021-08-05 16:53:22.512  INFO 57426 --- [main] .s.d.r.c.RepositoryConfigurationDelegate : Finished Spring Data repository scanning in 69 ms. Found 4 JPA repository interfaces.
2021-08-05 16:53:23.155  INFO 57426 --- [main] trationDelegate$BeanPostProcessorChecker : Bean 'org.springframework.security.access.expression.method.DefaultMethodSecurityExpressionHandler@30c1da48' of type [org.springframework.security.access.expression.method.DefaultMethodSecurityExpressionHandler] is not eligible for getting processed by all BeanPostProcessors (for example: not eligible for auto-proxying)
2021-08-05 16:53:23.160  INFO 57426 --- [main] trationDelegate$BeanPostProcessorChecker : Bean 'methodSecurityMetadataSource' of type [org.springframework.security.access.method.DelegatingMethodSecurityMetadataSource] is not eligible for getting processed by all BeanPostProcessors (for example: not eligible for auto-proxying)
2021-08-05 16:53:23.407  INFO 57426 --- [main] o.s.b.w.embedded.tomcat.TomcatWebServer  : Tomcat initialized with port(s): 8081 (http)
2021-08-05 16:53:23.415  INFO 57426 --- [main] o.apache.catalina.core.StandardService   : Starting service [Tomcat]
2021-08-05 16:53:23.426  INFO 57426 --- [main] org.apache.catalina.core.StandardEngine  : Starting Servlet engine: [Apache Tomcat/9.0.48]
2021-08-05 16:53:23.513  INFO 57426 --- [main] o.a.c.c.C.[Tomcat].[localhost].[/]       : Initializing Spring embedded WebApplicationContext
2021-08-05 16:53:23.513  INFO 57426 --- [main] w.s.c.ServletWebServerApplicationContext : Root WebApplicationContext: initialization completed in 1822 ms
2021-08-05 16:53:23.749  WARN 57426 --- [main] JpaBaseConfiguration$JpaWebConfiguration : spring.jpa.open-in-view is enabled by default. Therefore, database queries may be performed during view rendering. Explicitly configure spring.jpa.open-in-view to disable this warning
2021-08-05 16:53:23.859  INFO 57426 --- [main] com.zaxxer.hikari.HikariDataSource       : HikariPool-1 - Starting...
2021-08-05 16:53:24.305  INFO 57426 --- [main] com.zaxxer.hikari.HikariDataSource       : HikariPool-1 - Start completed.
2021-08-05 16:53:24.363  INFO 57426 --- [main] o.hibernate.jpa.internal.util.LogHelper  : HHH000204: Processing PersistenceUnitInfo [name: default]
2021-08-05 16:53:24.427  INFO 57426 --- [main] org.hibernate.Version                    : HHH000412: Hibernate ORM core version 5.4.32.Final
2021-08-05 16:53:24.578  INFO 57426 --- [main] o.hibernate.annotations.common.Version   : HCANN000001: Hibernate Commons Annotations {5.1.2.Final}
2021-08-05 16:53:24.740  INFO 57426 --- [main] org.hibernate.dialect.Dialect            : HHH000400: Using dialect: org.hibernate.dialect.MySQL5InnoDBDialect
2021-08-05 16:53:25.303  INFO 57426 --- [main] o.h.e.t.j.p.i.JtaPlatformInitiator       : HHH000490: Using JtaPlatform implementation: [org.hibernate.engine.transaction.jta.platform.internal.NoJtaPlatform]
2021-08-05 16:53:25.313  INFO 57426 --- [main] j.LocalContainerEntityManagerFactoryBean : Initialized JPA EntityManagerFactory for persistence unit 'default'
2021-08-05 16:53:26.031  INFO 57426 --- [main] f.a.AutowiredAnnotationBeanPostProcessor : Autowired annotation is not supported on static fields: private static org.springframework.context.ApplicationContext com.epam.esm.util.ApplicationContextProvider.context
2021-08-05 16:53:26.157  INFO 57426 --- [main] o.s.s.web.DefaultSecurityFilterChain     : Will secure any request with [org.springframework.security.web.context.request.async.WebAsyncManagerIntegrationFilter@431923ed, org.springframework.security.web.context.SecurityContextPersistenceFilter@447a557b, org.springframework.security.web.header.HeaderWriterFilter@7f08c343, com.epam.esm.security.filter.ExceptionResolverFilter@5870fc05, org.springframework.security.web.authentication.logout.LogoutFilter@2b55ea4d, com.epam.esm.security.jwt.JwtTokenFilter@2175d53f, org.springframework.security.web.savedrequest.RequestCacheAwareFilter@141eb85b, org.springframework.security.web.servletapi.SecurityContextHolderAwareRequestFilter@6067e7c1, org.springframework.security.web.authentication.AnonymousAuthenticationFilter@44723d95, org.springframework.security.web.session.SessionManagementFilter@59263f7b, org.springframework.security.web.access.ExceptionTranslationFilter@32d46229, org.springframework.security.web.access.intercept.FilterSecurityInterceptor@20b921be]
2021-08-05 16:53:26.628  INFO 57426 --- [main] o.s.b.a.e.web.EndpointLinksResolver      : Exposing 1 endpoint(s) beneath base path '/actuator'
2021-08-05 16:53:26.685  WARN 57426 --- [main] ConfigServletWebServerApplicationContext : Exception encountered during context initialization - cancelling refresh attempt: org.springframework.context.ApplicationContextException: Failed to start bean 'webServerStartStop'; nested exception is org.springframework.boot.web.server.PortInUseException: Port 8081 is already in use
2021-08-05 16:53:26.690  INFO 57426 --- [main] j.LocalContainerEntityManagerFactoryBean : Closing JPA EntityManagerFactory for persistence unit 'default'
2021-08-05 16:53:26.692  INFO 57426 --- [main] com.zaxxer.hikari.HikariDataSource       : HikariPool-1 - Shutdown initiated...
2021-08-05 16:53:26.700  INFO 57426 --- [main] com.zaxxer.hikari.HikariDataSource       : HikariPool-1 - Shutdown completed.
2021-08-05 16:53:26.705  INFO 57426 --- [main] o.apache.catalina.core.StandardService   : Stopping service [Tomcat]
2021-08-05 16:53:26.727  INFO 57426 --- [main] ConditionEvaluationReportLoggingListener : 

Error starting ApplicationContext. To display the conditions report re-run your application with 'debug' enabled.
2021-08-05 16:53:26.741 ERROR 57426 --- [main] o.s.b.d.LoggingFailureAnalysisReporter   : 

***************************
APPLICATION FAILED TO START
***************************

Description:

Web server failed to start. Port 8081 was already in use.

Action:

Identify and stop the process that's listening on port 8081 or configure this application to listen on another port.

2021-08-05 16:53:41.782  INFO 56329 --- [SpringApplicationShutdownHook] j.LocalContainerEntityManagerFactoryBean : Closing JPA EntityManagerFactory for persistence unit 'default'
2021-08-05 16:53:41.784  INFO 56329 --- [SpringApplicationShutdownHook] com.zaxxer.hikari.HikariDataSource       : HikariPool-1 - Shutdown initiated...
2021-08-05 16:53:41.791  INFO 56329 --- [SpringApplicationShutdownHook] com.zaxxer.hikari.HikariDataSource       : HikariPool-1 - Shutdown completed.
2021-08-05 16:53:46.437  INFO 57492 --- [main] com.epam.esm.RestApiAppApplication       : Starting RestApiAppApplication using Java 14.0.2 on victor-HP-ProBook-430-G3 with PID 57492 (/home/victor/Documents/EPAM/Lab/TaskRepo/RestApiApp/web/target/classes started by victor in /home/victor/Documents/EPAM/Lab/TaskRepo/RestApiApp)
2021-08-05 16:53:46.439  INFO 57492 --- [main] com.epam.esm.RestApiAppApplication       : The following profiles are active: prod
2021-08-05 16:53:47.128  INFO 57492 --- [main] .s.d.r.c.RepositoryConfigurationDelegate : Bootstrapping Spring Data JPA repositories in DEFAULT mode.
2021-08-05 16:53:47.185  INFO 57492 --- [main] .s.d.r.c.RepositoryConfigurationDelegate : Finished Spring Data repository scanning in 49 ms. Found 4 JPA repository interfaces.
2021-08-05 16:53:47.757  INFO 57492 --- [main] trationDelegate$BeanPostProcessorChecker : Bean 'org.springframework.security.access.expression.method.DefaultMethodSecurityExpressionHandler@201c3cda' of type [org.springframework.security.access.expression.method.DefaultMethodSecurityExpressionHandler] is not eligible for getting processed by all BeanPostProcessors (for example: not eligible for auto-proxying)
2021-08-05 16:53:47.762  INFO 57492 --- [main] trationDelegate$BeanPostProcessorChecker : Bean 'methodSecurityMetadataSource' of type [org.springframework.security.access.method.DelegatingMethodSecurityMetadataSource] is not eligible for getting processed by all BeanPostProcessors (for example: not eligible for auto-proxying)
2021-08-05 16:53:47.943  INFO 57492 --- [main] o.s.b.w.embedded.tomcat.TomcatWebServer  : Tomcat initialized with port(s): 8081 (http)
2021-08-05 16:53:47.949  INFO 57492 --- [main] o.apache.catalina.core.StandardService   : Starting service [Tomcat]
2021-08-05 16:53:47.950  INFO 57492 --- [main] org.apache.catalina.core.StandardEngine  : Starting Servlet engine: [Apache Tomcat/9.0.48]
2021-08-05 16:53:48.034  INFO 57492 --- [main] o.a.c.c.C.[Tomcat].[localhost].[/]       : Initializing Spring embedded WebApplicationContext
2021-08-05 16:53:48.034  INFO 57492 --- [main] w.s.c.ServletWebServerApplicationContext : Root WebApplicationContext: initialization completed in 1529 ms
2021-08-05 16:53:48.257  WARN 57492 --- [main] JpaBaseConfiguration$JpaWebConfiguration : spring.jpa.open-in-view is enabled by default. Therefore, database queries may be performed during view rendering. Explicitly configure spring.jpa.open-in-view to disable this warning
2021-08-05 16:53:48.348  INFO 57492 --- [main] com.zaxxer.hikari.HikariDataSource       : HikariPool-1 - Starting...
2021-08-05 16:53:48.613  INFO 57492 --- [main] com.zaxxer.hikari.HikariDataSource       : HikariPool-1 - Start completed.
2021-08-05 16:53:48.667  INFO 57492 --- [main] o.hibernate.jpa.internal.util.LogHelper  : HHH000204: Processing PersistenceUnitInfo [name: default]
2021-08-05 16:53:48.706  INFO 57492 --- [main] org.hibernate.Version                    : HHH000412: Hibernate ORM core version 5.4.32.Final
2021-08-05 16:53:48.804  INFO 57492 --- [main] o.hibernate.annotations.common.Version   : HCANN000001: Hibernate Commons Annotations {5.1.2.Final}
2021-08-05 16:53:48.921  INFO 57492 --- [main] org.hibernate.dialect.Dialect            : HHH000400: Using dialect: org.hibernate.dialect.MySQL5InnoDBDialect
2021-08-05 16:53:49.423  INFO 57492 --- [main] o.h.e.t.j.p.i.JtaPlatformInitiator       : HHH000490: Using JtaPlatform implementation: [org.hibernate.engine.transaction.jta.platform.internal.NoJtaPlatform]
2021-08-05 16:53:49.430  INFO 57492 --- [main] j.LocalContainerEntityManagerFactoryBean : Initialized JPA EntityManagerFactory for persistence unit 'default'
2021-08-05 16:53:50.110  INFO 57492 --- [main] f.a.AutowiredAnnotationBeanPostProcessor : Autowired annotation is not supported on static fields: private static org.springframework.context.ApplicationContext com.epam.esm.util.ApplicationContextProvider.context
2021-08-05 16:53:50.215  INFO 57492 --- [main] o.s.s.web.DefaultSecurityFilterChain     : Will secure any request with [org.springframework.security.web.context.request.async.WebAsyncManagerIntegrationFilter@81cd90e, org.springframework.security.web.context.SecurityContextPersistenceFilter@26f07261, org.springframework.security.web.header.HeaderWriterFilter@14745c3c, com.epam.esm.security.filter.ExceptionResolverFilter@21d15932, org.springframework.security.web.authentication.logout.LogoutFilter@769f6023, com.epam.esm.security.jwt.JwtTokenFilter@180e33b0, org.springframework.security.web.savedrequest.RequestCacheAwareFilter@63ede2a0, org.springframework.security.web.servletapi.SecurityContextHolderAwareRequestFilter@49c37918, org.springframework.security.web.authentication.AnonymousAuthenticationFilter@65fa56f7, org.springframework.security.web.session.SessionManagementFilter@351fadfa, org.springframework.security.web.access.ExceptionTranslationFilter@7ead0b51, org.springframework.security.web.access.intercept.FilterSecurityInterceptor@7a6b214c]
2021-08-05 16:53:50.642  INFO 57492 --- [main] o.s.b.a.e.web.EndpointLinksResolver      : Exposing 1 endpoint(s) beneath base path '/actuator'
2021-08-05 16:53:50.699  INFO 57492 --- [main] o.s.b.w.embedded.tomcat.TomcatWebServer  : Tomcat started on port(s): 8081 (http) with context path ''
2021-08-05 16:53:50.715  INFO 57492 --- [main] com.epam.esm.RestApiAppApplication       : Started RestApiAppApplication in 4.6 seconds (JVM running for 5.018)
2021-08-05 16:54:16.302  INFO 57492 --- [http-nio-8081-exec-1] o.a.c.c.C.[Tomcat].[localhost].[/]       : Initializing Spring DispatcherServlet 'dispatcherServlet'
2021-08-05 16:54:16.303  INFO 57492 --- [http-nio-8081-exec-1] o.s.web.servlet.DispatcherServlet        : Initializing Servlet 'dispatcherServlet'
2021-08-05 16:54:16.306  INFO 57492 --- [http-nio-8081-exec-1] o.s.web.servlet.DispatcherServlet        : Completed initialization in 3 ms
2021-08-05 16:54:16.465 DEBUG 57492 --- [http-nio-8081-exec-1] org.hibernate.SQL                        : select count(giftcertif0_.id) as col_0_0_ from gift_certificate giftcertif0_ where 1=1 and 1=1 and giftcertif0_.deleted=? and (giftcertif0_.price between 0.0 and 3.4028235E+38) and (giftcertif0_.create_date between ? and ?)
2021-08-05 16:54:16.513 DEBUG 57492 --- [http-nio-8081-exec-1] org.hibernate.SQL                        : select distinct giftcertif0_.id as id1_0_, giftcertif0_.create_date as create_d2_0_, giftcertif0_.deleted as deleted3_0_, giftcertif0_.description as descript4_0_, giftcertif0_.duration as duration5_0_, giftcertif0_.last_update_date as last_upd6_0_, giftcertif0_.name as name7_0_, giftcertif0_.price as price8_0_ from gift_certificate giftcertif0_ where 1=1 and 1=1 and giftcertif0_.deleted=? and (giftcertif0_.price between 0.0 and 3.4028235E+38) and (giftcertif0_.create_date between ? and ?) order by giftcertif0_.id asc limit ?
2021-08-05 16:54:16.605 DEBUG 57492 --- [http-nio-8081-exec-1] org.hibernate.SQL                        : select tags0_.cert_id as cert_id2_1_0_, tags0_.tag_id as tag_id1_1_0_, tag1_.id as id1_3_1_, tag1_.name as name2_3_1_ from m2m_certificate_tag tags0_ inner join tag tag1_ on tags0_.tag_id=tag1_.id where tags0_.cert_id=?
2021-08-05 16:54:16.685 DEBUG 57492 --- [http-nio-8081-exec-1] org.hibernate.SQL                        : select tags0_.cert_id as cert_id2_1_0_, tags0_.tag_id as tag_id1_1_0_, tag1_.id as id1_3_1_, tag1_.name as name2_3_1_ from m2m_certificate_tag tags0_ inner join tag tag1_ on tags0_.tag_id=tag1_.id where tags0_.cert_id=?
2021-08-05 16:54:16.689 DEBUG 57492 --- [http-nio-8081-exec-1] org.hibernate.SQL                        : select tags0_.cert_id as cert_id2_1_0_, tags0_.tag_id as tag_id1_1_0_, tag1_.id as id1_3_1_, tag1_.name as name2_3_1_ from m2m_certificate_tag tags0_ inner join tag tag1_ on tags0_.tag_id=tag1_.id where tags0_.cert_id=?
2021-08-05 16:54:16.693 DEBUG 57492 --- [http-nio-8081-exec-1] org.hibernate.SQL                        : select tags0_.cert_id as cert_id2_1_0_, tags0_.tag_id as tag_id1_1_0_, tag1_.id as id1_3_1_, tag1_.name as name2_3_1_ from m2m_certificate_tag tags0_ inner join tag tag1_ on tags0_.tag_id=tag1_.id where tags0_.cert_id=?
2021-08-05 16:54:16.696 DEBUG 57492 --- [http-nio-8081-exec-1] org.hibernate.SQL                        : select tags0_.cert_id as cert_id2_1_0_, tags0_.tag_id as tag_id1_1_0_, tag1_.id as id1_3_1_, tag1_.name as name2_3_1_ from m2m_certificate_tag tags0_ inner join tag tag1_ on tags0_.tag_id=tag1_.id where tags0_.cert_id=?
2021-08-05 16:54:16.700 DEBUG 57492 --- [http-nio-8081-exec-1] org.hibernate.SQL                        : select tags0_.cert_id as cert_id2_1_0_, tags0_.tag_id as tag_id1_1_0_, tag1_.id as id1_3_1_, tag1_.name as name2_3_1_ from m2m_certificate_tag tags0_ inner join tag tag1_ on tags0_.tag_id=tag1_.id where tags0_.cert_id=?
2021-08-05 16:54:16.705 DEBUG 57492 --- [http-nio-8081-exec-1] org.hibernate.SQL                        : select tags0_.cert_id as cert_id2_1_0_, tags0_.tag_id as tag_id1_1_0_, tag1_.id as id1_3_1_, tag1_.name as name2_3_1_ from m2m_certificate_tag tags0_ inner join tag tag1_ on tags0_.tag_id=tag1_.id where tags0_.cert_id=?
2021-08-05 16:54:16.709 DEBUG 57492 --- [http-nio-8081-exec-1] org.hibernate.SQL                        : select tags0_.cert_id as cert_id2_1_0_, tags0_.tag_id as tag_id1_1_0_, tag1_.id as id1_3_1_, tag1_.name as name2_3_1_ from m2m_certificate_tag tags0_ inner join tag tag1_ on tags0_.tag_id=tag1_.id where tags0_.cert_id=?
2021-08-05 16:54:16.714 DEBUG 57492 --- [http-nio-8081-exec-1] org.hibernate.SQL                        : select tags0_.cert_id as cert_id2_1_0_, tags0_.tag_id as tag_id1_1_0_, tag1_.id as id1_3_1_, tag1_.name as name2_3_1_ from m2m_certificate_tag tags0_ inner join tag tag1_ on tags0_.tag_id=tag1_.id where tags0_.cert_id=?
2021-08-05 16:54:16.722 DEBUG 57492 --- [http-nio-8081-exec-1] org.hibernate.SQL                        : select tags0_.cert_id as cert_id2_1_0_, tags0_.tag_id as tag_id1_1_0_, tag1_.id as id1_3_1_, tag1_.name as name2_3_1_ from m2m_certificate_tag tags0_ inner join tag tag1_ on tags0_.tag_id=tag1_.id where tags0_.cert_id=?
2021-08-05 16:59:35.804  INFO 57492 --- [SpringApplicationShutdownHook] j.LocalContainerEntityManagerFactoryBean : Closing JPA EntityManagerFactory for persistence unit 'default'
2021-08-05 16:59:35.808  INFO 57492 --- [SpringApplicationShutdownHook] com.zaxxer.hikari.HikariDataSource       : HikariPool-1 - Shutdown initiated...
2021-08-05 16:59:35.822  INFO 57492 --- [SpringApplicationShutdownHook] com.zaxxer.hikari.HikariDataSource       : HikariPool-1 - Shutdown completed.
2021-08-05 19:36:17.995  INFO 76323 --- [main] com.epam.esm.RestApiAppApplication       : Starting RestApiAppApplication using Java 14.0.2 on victor-HP-ProBook-430-G3 with PID 76323 (/home/victor/Documents/EPAM/Lab/TaskRepo/RestApiApp/web/target/classes started by victor in /home/victor/Documents/EPAM/Lab/TaskRepo/RestApiApp)
2021-08-05 19:36:17.998  INFO 76323 --- [main] com.epam.esm.RestApiAppApplication       : The following profiles are active: prod
2021-08-05 19:36:18.849  INFO 76323 --- [main] .s.d.r.c.RepositoryConfigurationDelegate : Bootstrapping Spring Data JPA repositories in DEFAULT mode.
2021-08-05 19:36:18.902  INFO 76323 --- [main] .s.d.r.c.RepositoryConfigurationDelegate : Finished Spring Data repository scanning in 46 ms. Found 4 JPA repository interfaces.
2021-08-05 19:36:19.576  INFO 76323 --- [main] trationDelegate$BeanPostProcessorChecker : Bean 'org.springframework.security.access.expression.method.DefaultMethodSecurityExpressionHandler@257e0827' of type [org.springframework.security.access.expression.method.DefaultMethodSecurityExpressionHandler] is not eligible for getting processed by all BeanPostProcessors (for example: not eligible for auto-proxying)
2021-08-05 19:36:19.581  INFO 76323 --- [main] trationDelegate$BeanPostProcessorChecker : Bean 'methodSecurityMetadataSource' of type [org.springframework.security.access.method.DelegatingMethodSecurityMetadataSource] is not eligible for getting processed by all BeanPostProcessors (for example: not eligible for auto-proxying)
2021-08-05 19:36:19.802  INFO 76323 --- [main] o.s.b.w.embedded.tomcat.TomcatWebServer  : Tomcat initialized with port(s): 8081 (http)
2021-08-05 19:36:19.809  INFO 76323 --- [main] o.apache.catalina.core.StandardService   : Starting service [Tomcat]
2021-08-05 19:36:19.809  INFO 76323 --- [main] org.apache.catalina.core.StandardEngine  : Starting Servlet engine: [Apache Tomcat/9.0.48]
2021-08-05 19:36:19.899  INFO 76323 --- [main] o.a.c.c.C.[Tomcat].[localhost].[/]       : Initializing Spring embedded WebApplicationContext
2021-08-05 19:36:19.899  INFO 76323 --- [main] w.s.c.ServletWebServerApplicationContext : Root WebApplicationContext: initialization completed in 1811 ms
2021-08-05 19:36:20.144  WARN 76323 --- [main] JpaBaseConfiguration$JpaWebConfiguration : spring.jpa.open-in-view is enabled by default. Therefore, database queries may be performed during view rendering. Explicitly configure spring.jpa.open-in-view to disable this warning
2021-08-05 19:36:20.257  INFO 76323 --- [main] com.zaxxer.hikari.HikariDataSource       : HikariPool-1 - Starting...
2021-08-05 19:36:20.680  INFO 76323 --- [main] com.zaxxer.hikari.HikariDataSource       : HikariPool-1 - Start completed.
2021-08-05 19:36:20.736  INFO 76323 --- [main] o.hibernate.jpa.internal.util.LogHelper  : HHH000204: Processing PersistenceUnitInfo [name: default]
2021-08-05 19:36:20.792  INFO 76323 --- [main] org.hibernate.Version                    : HHH000412: Hibernate ORM core version 5.4.32.Final
2021-08-05 19:36:20.974  INFO 76323 --- [main] o.hibernate.annotations.common.Version   : HCANN000001: Hibernate Commons Annotations {5.1.2.Final}
2021-08-05 19:36:21.126  INFO 76323 --- [main] org.hibernate.dialect.Dialect            : HHH000400: Using dialect: org.hibernate.dialect.MySQL5InnoDBDialect
2021-08-05 19:36:21.750  INFO 76323 --- [main] o.h.e.t.j.p.i.JtaPlatformInitiator       : HHH000490: Using JtaPlatform implementation: [org.hibernate.engine.transaction.jta.platform.internal.NoJtaPlatform]
2021-08-05 19:36:21.758  INFO 76323 --- [main] j.LocalContainerEntityManagerFactoryBean : Initialized JPA EntityManagerFactory for persistence unit 'default'
2021-08-05 19:36:22.542  INFO 76323 --- [main] f.a.AutowiredAnnotationBeanPostProcessor : Autowired annotation is not supported on static fields: private static org.springframework.context.ApplicationContext com.epam.esm.util.ApplicationContextProvider.context
2021-08-05 19:36:22.652  INFO 76323 --- [main] o.s.s.web.DefaultSecurityFilterChain     : Will secure any request with [org.springframework.security.web.context.request.async.WebAsyncManagerIntegrationFilter@3a5b1af7, org.springframework.security.web.context.SecurityContextPersistenceFilter@41538150, org.springframework.security.web.header.HeaderWriterFilter@71c91121, com.epam.esm.security.filter.ExceptionResolverFilter@7430ed93, org.springframework.security.web.authentication.logout.LogoutFilter@46c19350, com.epam.esm.security.jwt.JwtTokenFilter@7d7f966f, org.springframework.security.web.savedrequest.RequestCacheAwareFilter@44d2bbc0, org.springframework.security.web.servletapi.SecurityContextHolderAwareRequestFilter@4e68aede, org.springframework.security.web.authentication.AnonymousAuthenticationFilter@4932d580, org.springframework.security.web.session.SessionManagementFilter@3efd3302, org.springframework.security.web.access.ExceptionTranslationFilter@761f1a28, org.springframework.security.web.access.intercept.FilterSecurityInterceptor@1390a415]
2021-08-05 19:36:23.141  INFO 76323 --- [main] o.s.b.a.e.web.EndpointLinksResolver      : Exposing 1 endpoint(s) beneath base path '/actuator'
2021-08-05 19:36:23.199  INFO 76323 --- [main] o.s.b.w.embedded.tomcat.TomcatWebServer  : Tomcat started on port(s): 8081 (http) with context path ''
2021-08-05 19:36:23.215  INFO 76323 --- [main] com.epam.esm.RestApiAppApplication       : Started RestApiAppApplication in 6.09 seconds (JVM running for 7.801)
2021-08-05 19:36:23.324  INFO 76323 --- [RMI TCP Connection(2)-127.0.0.1] o.a.c.c.C.[Tomcat].[localhost].[/]       : Initializing Spring DispatcherServlet 'dispatcherServlet'
2021-08-05 19:36:23.325  INFO 76323 --- [RMI TCP Connection(2)-127.0.0.1] o.s.web.servlet.DispatcherServlet        : Initializing Servlet 'dispatcherServlet'
2021-08-05 19:36:23.327  INFO 76323 --- [RMI TCP Connection(2)-127.0.0.1] o.s.web.servlet.DispatcherServlet        : Completed initialization in 2 ms
2021-08-05 19:36:37.553 DEBUG 76323 --- [http-nio-8081-exec-1] org.hibernate.SQL                        : select count(giftcertif0_.id) as col_0_0_ from gift_certificate giftcertif0_ where 1=1 and 1=1 and giftcertif0_.deleted=? and (giftcertif0_.price between 0.0 and 3.4028235E+38) and (giftcertif0_.create_date between ? and ?)
2021-08-05 19:36:37.649 DEBUG 76323 --- [http-nio-8081-exec-1] org.hibernate.SQL                        : select distinct giftcertif0_.id as id1_0_, giftcertif0_.create_date as create_d2_0_, giftcertif0_.deleted as deleted3_0_, giftcertif0_.description as descript4_0_, giftcertif0_.duration as duration5_0_, giftcertif0_.last_update_date as last_upd6_0_, giftcertif0_.name as name7_0_, giftcertif0_.price as price8_0_ from gift_certificate giftcertif0_ where 1=1 and 1=1 and giftcertif0_.deleted=? and (giftcertif0_.price between 0.0 and 3.4028235E+38) and (giftcertif0_.create_date between ? and ?) order by giftcertif0_.id asc limit ?
2021-08-05 19:36:37.739 DEBUG 76323 --- [http-nio-8081-exec-1] org.hibernate.SQL                        : select tags0_.cert_id as cert_id2_1_0_, tags0_.tag_id as tag_id1_1_0_, tag1_.id as id1_3_1_, tag1_.name as name2_3_1_ from m2m_certificate_tag tags0_ inner join tag tag1_ on tags0_.tag_id=tag1_.id where tags0_.cert_id=?
2021-08-05 19:36:37.860 DEBUG 76323 --- [http-nio-8081-exec-1] org.hibernate.SQL                        : select tags0_.cert_id as cert_id2_1_0_, tags0_.tag_id as tag_id1_1_0_, tag1_.id as id1_3_1_, tag1_.name as name2_3_1_ from m2m_certificate_tag tags0_ inner join tag tag1_ on tags0_.tag_id=tag1_.id where tags0_.cert_id=?
2021-08-05 19:36:37.864 DEBUG 76323 --- [http-nio-8081-exec-1] org.hibernate.SQL                        : select tags0_.cert_id as cert_id2_1_0_, tags0_.tag_id as tag_id1_1_0_, tag1_.id as id1_3_1_, tag1_.name as name2_3_1_ from m2m_certificate_tag tags0_ inner join tag tag1_ on tags0_.tag_id=tag1_.id where tags0_.cert_id=?
2021-08-05 19:36:37.869 DEBUG 76323 --- [http-nio-8081-exec-1] org.hibernate.SQL                        : select tags0_.cert_id as cert_id2_1_0_, tags0_.tag_id as tag_id1_1_0_, tag1_.id as id1_3_1_, tag1_.name as name2_3_1_ from m2m_certificate_tag tags0_ inner join tag tag1_ on tags0_.tag_id=tag1_.id where tags0_.cert_id=?
2021-08-05 19:36:37.873 DEBUG 76323 --- [http-nio-8081-exec-1] org.hibernate.SQL                        : select tags0_.cert_id as cert_id2_1_0_, tags0_.tag_id as tag_id1_1_0_, tag1_.id as id1_3_1_, tag1_.name as name2_3_1_ from m2m_certificate_tag tags0_ inner join tag tag1_ on tags0_.tag_id=tag1_.id where tags0_.cert_id=?
2021-08-05 19:36:37.877 DEBUG 76323 --- [http-nio-8081-exec-1] org.hibernate.SQL                        : select tags0_.cert_id as cert_id2_1_0_, tags0_.tag_id as tag_id1_1_0_, tag1_.id as id1_3_1_, tag1_.name as name2_3_1_ from m2m_certificate_tag tags0_ inner join tag tag1_ on tags0_.tag_id=tag1_.id where tags0_.cert_id=?
2021-08-05 19:36:37.880 DEBUG 76323 --- [http-nio-8081-exec-1] org.hibernate.SQL                        : select tags0_.cert_id as cert_id2_1_0_, tags0_.tag_id as tag_id1_1_0_, tag1_.id as id1_3_1_, tag1_.name as name2_3_1_ from m2m_certificate_tag tags0_ inner join tag tag1_ on tags0_.tag_id=tag1_.id where tags0_.cert_id=?
2021-08-05 19:36:37.885 DEBUG 76323 --- [http-nio-8081-exec-1] org.hibernate.SQL                        : select tags0_.cert_id as cert_id2_1_0_, tags0_.tag_id as tag_id1_1_0_, tag1_.id as id1_3_1_, tag1_.name as name2_3_1_ from m2m_certificate_tag tags0_ inner join tag tag1_ on tags0_.tag_id=tag1_.id where tags0_.cert_id=?
2021-08-05 19:36:37.889 DEBUG 76323 --- [http-nio-8081-exec-1] org.hibernate.SQL                        : select tags0_.cert_id as cert_id2_1_0_, tags0_.tag_id as tag_id1_1_0_, tag1_.id as id1_3_1_, tag1_.name as name2_3_1_ from m2m_certificate_tag tags0_ inner join tag tag1_ on tags0_.tag_id=tag1_.id where tags0_.cert_id=?
2021-08-05 19:36:37.893 DEBUG 76323 --- [http-nio-8081-exec-1] org.hibernate.SQL                        : select tags0_.cert_id as cert_id2_1_0_, tags0_.tag_id as tag_id1_1_0_, tag1_.id as id1_3_1_, tag1_.name as name2_3_1_ from m2m_certificate_tag tags0_ inner join tag tag1_ on tags0_.tag_id=tag1_.id where tags0_.cert_id=?
2021-08-05 19:36:41.696  INFO 76323 --- [SpringApplicationShutdownHook] j.LocalContainerEntityManagerFactoryBean : Closing JPA EntityManagerFactory for persistence unit 'default'
2021-08-05 19:36:41.700  INFO 76323 --- [SpringApplicationShutdownHook] com.zaxxer.hikari.HikariDataSource       : HikariPool-1 - Shutdown initiated...
2021-08-05 19:36:41.712  INFO 76323 --- [SpringApplicationShutdownHook] com.zaxxer.hikari.HikariDataSource       : HikariPool-1 - Shutdown completed.
2021-08-05 19:40:13.800  INFO 76873 --- [main] com.epam.esm.RestApiAppApplication       : Starting RestApiAppApplication using Java 14.0.2 on victor-HP-ProBook-430-G3 with PID 76873 (/home/victor/Documents/EPAM/Lab/TaskRepo/RestApiApp/web/target/classes started by victor in /home/victor/Documents/EPAM/Lab/TaskRepo/RestApiApp)
2021-08-05 19:40:13.804  INFO 76873 --- [main] com.epam.esm.RestApiAppApplication       : The following profiles are active: prod
2021-08-05 19:40:14.642  INFO 76873 --- [main] .s.d.r.c.RepositoryConfigurationDelegate : Bootstrapping Spring Data JPA repositories in DEFAULT mode.
2021-08-05 19:40:14.705  INFO 76873 --- [main] .s.d.r.c.RepositoryConfigurationDelegate : Finished Spring Data repository scanning in 55 ms. Found 4 JPA repository interfaces.
2021-08-05 19:40:15.312  INFO 76873 --- [main] trationDelegate$BeanPostProcessorChecker : Bean 'org.springframework.security.access.expression.method.DefaultMethodSecurityExpressionHandler@2a367e93' of type [org.springframework.security.access.expression.method.DefaultMethodSecurityExpressionHandler] is not eligible for getting processed by all BeanPostProcessors (for example: not eligible for auto-proxying)
2021-08-05 19:40:15.317  INFO 76873 --- [main] trationDelegate$BeanPostProcessorChecker : Bean 'methodSecurityMetadataSource' of type [org.springframework.security.access.method.DelegatingMethodSecurityMetadataSource] is not eligible for getting processed by all BeanPostProcessors (for example: not eligible for auto-proxying)
2021-08-05 19:40:15.551  INFO 76873 --- [main] o.s.b.w.embedded.tomcat.TomcatWebServer  : Tomcat initialized with port(s): 8081 (http)
2021-08-05 19:40:15.559  INFO 76873 --- [main] o.apache.catalina.core.StandardService   : Starting service [Tomcat]
2021-08-05 19:40:15.559  INFO 76873 --- [main] org.apache.catalina.core.StandardEngine  : Starting Servlet engine: [Apache Tomcat/9.0.48]
2021-08-05 19:40:15.646  INFO 76873 --- [main] o.a.c.c.C.[Tomcat].[localhost].[/]       : Initializing Spring embedded WebApplicationContext
2021-08-05 19:40:15.646  INFO 76873 --- [main] w.s.c.ServletWebServerApplicationContext : Root WebApplicationContext: initialization completed in 1736 ms
2021-08-05 19:40:15.861  WARN 76873 --- [main] JpaBaseConfiguration$JpaWebConfiguration : spring.jpa.open-in-view is enabled by default. Therefore, database queries may be performed during view rendering. Explicitly configure spring.jpa.open-in-view to disable this warning
2021-08-05 19:40:15.964  INFO 76873 --- [main] com.zaxxer.hikari.HikariDataSource       : HikariPool-1 - Starting...
2021-08-05 19:40:16.337  INFO 76873 --- [main] com.zaxxer.hikari.HikariDataSource       : HikariPool-1 - Start completed.
2021-08-05 19:40:16.381  INFO 76873 --- [main] o.hibernate.jpa.internal.util.LogHelper  : HHH000204: Processing PersistenceUnitInfo [name: default]
2021-08-05 19:40:16.436  INFO 76873 --- [main] org.hibernate.Version                    : HHH000412: Hibernate ORM core version 5.4.32.Final
2021-08-05 19:40:16.649  INFO 76873 --- [main] o.hibernate.annotations.common.Version   : HCANN000001: Hibernate Commons Annotations {5.1.2.Final}
2021-08-05 19:40:16.776  INFO 76873 --- [main] org.hibernate.dialect.Dialect            : HHH000400: Using dialect: org.hibernate.dialect.MySQL5InnoDBDialect
2021-08-05 19:40:17.333  INFO 76873 --- [main] o.h.e.t.j.p.i.JtaPlatformInitiator       : HHH000490: Using JtaPlatform implementation: [org.hibernate.engine.transaction.jta.platform.internal.NoJtaPlatform]
2021-08-05 19:40:17.340  INFO 76873 --- [main] j.LocalContainerEntityManagerFactoryBean : Initialized JPA EntityManagerFactory for persistence unit 'default'
2021-08-05 19:40:18.225  INFO 76873 --- [main] f.a.AutowiredAnnotationBeanPostProcessor : Autowired annotation is not supported on static fields: private static org.springframework.context.ApplicationContext com.epam.esm.util.ApplicationContextProvider.context
2021-08-05 19:40:18.404  INFO 76873 --- [main] o.s.s.web.DefaultSecurityFilterChain     : Will secure any request with [org.springframework.security.web.context.request.async.WebAsyncManagerIntegrationFilter@347c5721, org.springframework.security.web.context.SecurityContextPersistenceFilter@3677c508, org.springframework.security.web.header.HeaderWriterFilter@310cc4d, com.epam.esm.security.filter.ExceptionResolverFilter@1b6e4761, org.springframework.security.web.authentication.logout.LogoutFilter@7ddcd3d, com.epam.esm.security.jwt.JwtTokenFilter@656c0eae, org.springframework.security.web.savedrequest.RequestCacheAwareFilter@5fe024a7, org.springframework.security.web.servletapi.SecurityContextHolderAwareRequestFilter@3333245e, org.springframework.security.web.authentication.AnonymousAuthenticationFilter@4d22265c, org.springframework.security.web.session.SessionManagementFilter@5519ef7d, org.springframework.security.web.access.ExceptionTranslationFilter@1360ef8d, org.springframework.security.web.access.intercept.FilterSecurityInterceptor@43de88f3]
2021-08-05 19:40:18.904  INFO 76873 --- [main] o.s.b.a.e.web.EndpointLinksResolver      : Exposing 1 endpoint(s) beneath base path '/actuator'
2021-08-05 19:40:18.959  INFO 76873 --- [main] o.s.b.w.embedded.tomcat.TomcatWebServer  : Tomcat started on port(s): 8081 (http) with context path ''
2021-08-05 19:40:18.974  INFO 76873 --- [main] com.epam.esm.RestApiAppApplication       : Started RestApiAppApplication in 5.801 seconds (JVM running for 7.312)
2021-08-05 19:40:19.341  INFO 76873 --- [RMI TCP Connection(2)-127.0.0.1] o.a.c.c.C.[Tomcat].[localhost].[/]       : Initializing Spring DispatcherServlet 'dispatcherServlet'
2021-08-05 19:40:19.342  INFO 76873 --- [RMI TCP Connection(2)-127.0.0.1] o.s.web.servlet.DispatcherServlet        : Initializing Servlet 'dispatcherServlet'
2021-08-05 19:40:19.344  INFO 76873 --- [RMI TCP Connection(2)-127.0.0.1] o.s.web.servlet.DispatcherServlet        : Completed initialization in 2 ms
2021-08-05 19:40:26.802 DEBUG 76873 --- [http-nio-8081-exec-1] org.hibernate.SQL                        : select count(giftcertif0_.id) as col_0_0_ from gift_certificate giftcertif0_ where 1=1 and 1=1 and giftcertif0_.deleted=? and (giftcertif0_.price between 0.0 and 3.4028235E+38) and (giftcertif0_.create_date between ? and ?)
2021-08-05 19:40:26.940 DEBUG 76873 --- [http-nio-8081-exec-1] org.hibernate.SQL                        : select distinct giftcertif0_.id as id1_0_, giftcertif0_.create_date as create_d2_0_, giftcertif0_.deleted as deleted3_0_, giftcertif0_.description as descript4_0_, giftcertif0_.duration as duration5_0_, giftcertif0_.last_update_date as last_upd6_0_, giftcertif0_.name as name7_0_, giftcertif0_.price as price8_0_ from gift_certificate giftcertif0_ where 1=1 and 1=1 and giftcertif0_.deleted=? and (giftcertif0_.price between 0.0 and 3.4028235E+38) and (giftcertif0_.create_date between ? and ?) order by giftcertif0_.id asc limit ?
2021-08-05 19:40:27.049 DEBUG 76873 --- [http-nio-8081-exec-1] org.hibernate.SQL                        : select tags0_.cert_id as cert_id2_1_0_, tags0_.tag_id as tag_id1_1_0_, tag1_.id as id1_3_1_, tag1_.name as name2_3_1_ from m2m_certificate_tag tags0_ inner join tag tag1_ on tags0_.tag_id=tag1_.id where tags0_.cert_id=?
2021-08-05 19:40:27.167 DEBUG 76873 --- [http-nio-8081-exec-1] org.hibernate.SQL                        : select tags0_.cert_id as cert_id2_1_0_, tags0_.tag_id as tag_id1_1_0_, tag1_.id as id1_3_1_, tag1_.name as name2_3_1_ from m2m_certificate_tag tags0_ inner join tag tag1_ on tags0_.tag_id=tag1_.id where tags0_.cert_id=?
2021-08-05 19:40:27.171 DEBUG 76873 --- [http-nio-8081-exec-1] org.hibernate.SQL                        : select tags0_.cert_id as cert_id2_1_0_, tags0_.tag_id as tag_id1_1_0_, tag1_.id as id1_3_1_, tag1_.name as name2_3_1_ from m2m_certificate_tag tags0_ inner join tag tag1_ on tags0_.tag_id=tag1_.id where tags0_.cert_id=?
2021-08-05 19:40:27.175 DEBUG 76873 --- [http-nio-8081-exec-1] org.hibernate.SQL                        : select tags0_.cert_id as cert_id2_1_0_, tags0_.tag_id as tag_id1_1_0_, tag1_.id as id1_3_1_, tag1_.name as name2_3_1_ from m2m_certificate_tag tags0_ inner join tag tag1_ on tags0_.tag_id=tag1_.id where tags0_.cert_id=?
2021-08-05 19:40:27.179 DEBUG 76873 --- [http-nio-8081-exec-1] org.hibernate.SQL                        : select tags0_.cert_id as cert_id2_1_0_, tags0_.tag_id as tag_id1_1_0_, tag1_.id as id1_3_1_, tag1_.name as name2_3_1_ from m2m_certificate_tag tags0_ inner join tag tag1_ on tags0_.tag_id=tag1_.id where tags0_.cert_id=?
2021-08-05 19:40:27.190 DEBUG 76873 --- [http-nio-8081-exec-1] org.hibernate.SQL                        : select tags0_.cert_id as cert_id2_1_0_, tags0_.tag_id as tag_id1_1_0_, tag1_.id as id1_3_1_, tag1_.name as name2_3_1_ from m2m_certificate_tag tags0_ inner join tag tag1_ on tags0_.tag_id=tag1_.id where tags0_.cert_id=?
2021-08-05 19:40:27.194 DEBUG 76873 --- [http-nio-8081-exec-1] org.hibernate.SQL                        : select tags0_.cert_id as cert_id2_1_0_, tags0_.tag_id as tag_id1_1_0_, tag1_.id as id1_3_1_, tag1_.name as name2_3_1_ from m2m_certificate_tag tags0_ inner join tag tag1_ on tags0_.tag_id=tag1_.id where tags0_.cert_id=?
2021-08-05 19:40:27.201 DEBUG 76873 --- [http-nio-8081-exec-1] org.hibernate.SQL                        : select tags0_.cert_id as cert_id2_1_0_, tags0_.tag_id as tag_id1_1_0_, tag1_.id as id1_3_1_, tag1_.name as name2_3_1_ from m2m_certificate_tag tags0_ inner join tag tag1_ on tags0_.tag_id=tag1_.id where tags0_.cert_id=?
2021-08-05 19:40:27.205 DEBUG 76873 --- [http-nio-8081-exec-1] org.hibernate.SQL                        : select tags0_.cert_id as cert_id2_1_0_, tags0_.tag_id as tag_id1_1_0_, tag1_.id as id1_3_1_, tag1_.name as name2_3_1_ from m2m_certificate_tag tags0_ inner join tag tag1_ on tags0_.tag_id=tag1_.id where tags0_.cert_id=?
2021-08-05 19:40:27.210 DEBUG 76873 --- [http-nio-8081-exec-1] org.hibernate.SQL                        : select tags0_.cert_id as cert_id2_1_0_, tags0_.tag_id as tag_id1_1_0_, tag1_.id as id1_3_1_, tag1_.name as name2_3_1_ from m2m_certificate_tag tags0_ inner join tag tag1_ on tags0_.tag_id=tag1_.id where tags0_.cert_id=?
2021-08-05 19:40:30.303  INFO 76873 --- [SpringApplicationShutdownHook] j.LocalContainerEntityManagerFactoryBean : Closing JPA EntityManagerFactory for persistence unit 'default'
2021-08-05 19:40:30.306  INFO 76873 --- [SpringApplicationShutdownHook] com.zaxxer.hikari.HikariDataSource       : HikariPool-1 - Shutdown initiated...
2021-08-05 19:40:30.318  INFO 76873 --- [SpringApplicationShutdownHook] com.zaxxer.hikari.HikariDataSource       : HikariPool-1 - Shutdown completed.
